<?xml version="1.0" encoding="UTF-8"?>
<testsuite xmlns:xsi="http://www.w3.org/2001/XMLSchema-instance" xsi:noNamespaceSchemaLocation="https://maven.apache.org/surefire/maven-surefire-plugin/xsd/surefire-test-report.xsd" name="com.Server.QuestionServerTest" time="0.137" tests="4" errors="0" skipped="0" failures="0">
  <properties>
    <property name="sun.desktop" value="windows"/>
    <property name="awt.toolkit" value="sun.awt.windows.WToolkit"/>
    <property name="java.specification.version" value="11"/>
    <property name="sun.cpu.isalist" value="amd64"/>
    <property name="sun.jnu.encoding" value="Cp1252"/>
    <property name="java.class.path" value="C:\Users\Shivesh Lappie\IdeaProjects\Segfault\target\test-classes;C:\Users\Shivesh Lappie\IdeaProjects\Segfault\target\classes;C:\Users\Shivesh Lappie\.m2\repository\javax\servlet\javax.servlet-api\3.0.1\javax.servlet-api-3.0.1.jar;C:\Users\Shivesh Lappie\.m2\repository\org\postgresql\postgresql\42.2.5\postgresql-42.2.5.jar;C:\Users\Shivesh Lappie\.m2\repository\org\powermock\powermock-api-mockito\1.5.3\powermock-api-mockito-1.5.3.jar;C:\Users\Shivesh Lappie\.m2\repository\org\powermock\powermock-api-support\1.5.3\powermock-api-support-1.5.3.jar;C:\Users\Shivesh Lappie\.m2\repository\org\powermock\powermock-core\1.5.3\powermock-core-1.5.3.jar;C:\Users\Shivesh Lappie\.m2\repository\org\javassist\javassist\3.18.1-GA\javassist-3.18.1-GA.jar;C:\Users\Shivesh Lappie\.m2\repository\org\powermock\powermock-reflect\1.5.3\powermock-reflect-1.5.3.jar;C:\Users\Shivesh Lappie\.m2\repository\org\powermock\powermock-module-junit4\1.4.9\powermock-module-junit4-1.4.9.jar;C:\Users\Shivesh Lappie\.m2\repository\org\powermock\powermock-module-junit4-common\1.4.9\powermock-module-junit4-common-1.4.9.jar;C:\Users\Shivesh Lappie\.m2\repository\org\mockito\mockito-all\1.9.5\mockito-all-1.9.5.jar;C:\Users\Shivesh Lappie\.m2\repository\org\easymock\easymock\3.0\easymock-3.0.jar;C:\Users\Shivesh Lappie\.m2\repository\cglib\cglib-nodep\2.2\cglib-nodep-2.2.jar;C:\Users\Shivesh Lappie\.m2\repository\org\objenesis\objenesis\1.2\objenesis-1.2.jar;C:\Users\Shivesh Lappie\.m2\repository\mysql\mysql-connector-java\5.1.6\mysql-connector-java-5.1.6.jar;C:\Users\Shivesh Lappie\.m2\repository\org\junit\jupiter\junit-jupiter-api\5.4.0\junit-jupiter-api-5.4.0.jar;C:\Users\Shivesh Lappie\.m2\repository\org\apiguardian\apiguardian-api\1.0.0\apiguardian-api-1.0.0.jar;C:\Users\Shivesh Lappie\.m2\repository\org\opentest4j\opentest4j\1.1.1\opentest4j-1.1.1.jar;C:\Users\Shivesh Lappie\.m2\repository\org\junit\platform\junit-platform-commons\1.4.0\junit-platform-commons-1.4.0.jar;C:\Users\Shivesh Lappie\.m2\repository\com\itextpdf\itextpdf\5.5.13\itextpdf-5.5.13.jar;C:\Users\Shivesh Lappie\.m2\repository\com\itextpdf\layout\7.1.6\layout-7.1.6.jar;C:\Users\Shivesh Lappie\.m2\repository\com\itextpdf\kernel\7.1.6\kernel-7.1.6.jar;C:\Users\Shivesh Lappie\.m2\repository\com\itextpdf\io\7.1.6\io-7.1.6.jar;C:\Users\Shivesh Lappie\.m2\repository\org\slf4j\slf4j-api\1.7.13\slf4j-api-1.7.13.jar;C:\Users\Shivesh Lappie\.m2\repository\junit\junit\4.12\junit-4.12.jar;C:\Users\Shivesh Lappie\.m2\repository\org\hamcrest\hamcrest-core\1.3\hamcrest-core-1.3.jar;C:\Users\Shivesh Lappie\.m2\repository\org\junit\jupiter\junit-jupiter-engine\5.2.0-M1\junit-jupiter-engine-5.2.0-M1.jar;C:\Users\Shivesh Lappie\.m2\repository\org\junit\platform\junit-platform-engine\1.2.0-M1\junit-platform-engine-1.2.0-M1.jar;C:\Users\Shivesh Lappie\.m2\repository\com\vaadin\vaadin-login-flow\1.0.0\vaadin-login-flow-1.0.0.jar;C:\Users\Shivesh Lappie\.m2\repository\org\webjars\bowergithub\vaadin\vaadin-login\1.0.0\vaadin-login-1.0.0.jar;C:\Users\Shivesh Lappie\.m2\repository\org\webjars\bowergithub\vaadin\vaadin-lumo-styles\1.4.1\vaadin-lumo-styles-1.4.1.jar;C:\Users\Shivesh Lappie\.m2\repository\org\webjars\bowergithub\vaadin\vaadin-button\2.1.2\vaadin-button-2.1.2.jar;C:\Users\Shivesh Lappie\.m2\repository\org\webjars\bowergithub\vaadin\vaadin-control-state-mixin\2.1.2\vaadin-control-state-mixin-2.1.2.jar;C:\Users\Shivesh Lappie\.m2\repository\org\webjars\bowergithub\vaadin\vaadin-overlay\3.2.6\vaadin-overlay-3.2.6.jar;C:\Users\Shivesh Lappie\.m2\repository\org\webjars\bowergithub\vaadin\vaadin-text-field\2.3.0\vaadin-text-field-2.3.0.jar;C:\Users\Shivesh Lappie\.m2\repository\org\webjars\bowergithub\vaadin\vaadin-themable-mixin\1.4.1\vaadin-themable-mixin-1.4.1.jar;C:\Users\Shivesh Lappie\.m2\repository\org\webjars\bowergithub\vaadin\vaadin-material-styles\1.2.0\vaadin-material-styles-1.2.0.jar;C:\Users\Shivesh Lappie\.m2\repository\org\webjars\bowergithub\polymerelements\iron-icon\2.1.0\iron-icon-2.1.0.jar;C:\Users\Shivesh Lappie\.m2\repository\org\webjars\bowergithub\polymerelements\iron-iconset-svg\2.2.1\iron-iconset-svg-2.2.1.jar;C:\Users\Shivesh Lappie\.m2\repository\org\webjars\bowergithub\polymerelements\iron-flex-layout\2.0.3\iron-flex-layout-2.0.3.jar;C:\Users\Shivesh Lappie\.m2\repository\org\webjars\bowergithub\polymerelements\iron-meta\2.1.1\iron-meta-2.1.1.jar;C:\Users\Shivesh Lappie\.m2\repository\org\webjars\bowergithub\polymer\polymer\2.6.1\polymer-2.6.1.jar;C:\Users\Shivesh Lappie\.m2\repository\org\webjars\bowergithub\webcomponents\webcomponentsjs\1.2.6\webcomponentsjs-1.2.6.jar;C:\Users\Shivesh Lappie\.m2\repository\org\webjars\bowergithub\webcomponents\shadycss\1.5.0-1\shadycss-1.5.0-1.jar;C:\Users\Shivesh Lappie\.m2\repository\org\webjars\bowergithub\vaadin\vaadin-element-mixin\2.1.2\vaadin-element-mixin-2.1.2.jar;C:\Users\Shivesh Lappie\.m2\repository\org\webjars\bowergithub\vaadin\vaadin-usage-statistics\2.0.2\vaadin-usage-statistics-2.0.2.jar;C:\Users\Shivesh Lappie\.m2\repository\org\webjars\bowergithub\vaadin\vaadin-development-mode-detector\2.0.0\vaadin-development-mode-detector-2.0.0.jar;C:\Users\Shivesh Lappie\.m2\repository\com\vaadin\vaadin-select-flow\1.0.0\vaadin-select-flow-1.0.0.jar;C:\Users\Shivesh Lappie\.m2\repository\org\webjars\bowergithub\vaadin\vaadin-select\2.0.2\vaadin-select-2.0.2.jar;C:\Users\Shivesh Lappie\.m2\repository\org\webjars\bowergithub\vaadin\vaadin-item\2.1.0\vaadin-item-2.1.0.jar;C:\Users\Shivesh Lappie\.m2\repository\org\webjars\bowergithub\vaadin\vaadin-list-box\1.1.0\vaadin-list-box-1.1.0.jar;C:\Users\Shivesh Lappie\.m2\repository\org\webjars\bowergithub\vaadin\vaadin-list-mixin\2.1.2\vaadin-list-mixin-2.1.2.jar;C:\Users\Shivesh Lappie\.m2\repository\org\webjars\bowergithub\polymerelements\iron-resizable-behavior\2.1.1\iron-resizable-behavior-2.1.1.jar;C:\Users\Shivesh Lappie\.m2\repository\org\webjars\bowergithub\polymerelements\iron-media-query\2.1.0\iron-media-query-2.1.0.jar;C:\Users\Shivesh Lappie\.m2\repository\org\vaadin\ui\numberfield\0.2.0\numberfield-0.2.0.jar;C:\Users\Shivesh Lappie\.m2\repository\postgresql\postgresql\9.1-901-1.jdbc4\postgresql-9.1-901-1.jdbc4.jar;C:\Users\Shivesh Lappie\.m2\repository\com\vaadin\vaadin-shared\8.7.1\vaadin-shared-8.7.1.jar;C:\Users\Shivesh Lappie\.m2\repository\com\vaadin\vaadin-radio-button-flow\1.3.1\vaadin-radio-button-flow-1.3.1.jar;C:\Users\Shivesh Lappie\.m2\repository\org\webjars\bowergithub\vaadin\vaadin-radio-button\1.1.4\vaadin-radio-button-1.1.4.jar;C:\Users\Shivesh Lappie\.m2\repository\com\vaadin\vaadin-server\8.7.1\vaadin-server-8.7.1.jar;C:\Users\Shivesh Lappie\.m2\repository\com\vaadin\vaadin-sass-compiler\0.9.13\vaadin-sass-compiler-0.9.13.jar;C:\Users\Shivesh Lappie\.m2\repository\org\w3c\css\sac\1.3\sac-1.3.jar;C:\Users\Shivesh Lappie\.m2\repository\com\vaadin\external\flute\flute\1.3.0.gg2\flute-1.3.0.gg2.jar;C:\Users\Shivesh Lappie\.m2\repository\org\jsoup\jsoup\1.11.2\jsoup-1.11.2.jar;C:\Users\Shivesh Lappie\.m2\repository\com\vaadin\external\gentyref\1.2.0.vaadin1\gentyref-1.2.0.vaadin1.jar;C:\Users\Shivesh Lappie\.m2\repository\com\vaadin\vaadin-client\8.7.1\vaadin-client-8.7.1.jar;C:\Users\Shivesh Lappie\.m2\repository\com\google\gwt\gwt-elemental\2.8.2\gwt-elemental-2.8.2.jar;C:\Users\Shivesh Lappie\.m2\repository\com\google\gwt\gwt-user\2.8.2\gwt-user-2.8.2.jar;C:\Users\Shivesh Lappie\.m2\repository\com\google\jsinterop\jsinterop-annotations\1.0.2\jsinterop-annotations-1.0.2.jar;C:\Users\Shivesh Lappie\.m2\repository\com\google\jsinterop\jsinterop-annotations\1.0.2\jsinterop-annotations-1.0.2-sources.jar;C:\Users\Shivesh Lappie\.m2\repository\javax\validation\validation-api\1.0.0.GA\validation-api-1.0.0.GA.jar;C:\Users\Shivesh Lappie\.m2\repository\javax\validation\validation-api\1.0.0.GA\validation-api-1.0.0.GA-sources.jar;C:\Users\Shivesh Lappie\.m2\repository\com\vaadin\vaadin-text-field-flow\1.3.0\vaadin-text-field-flow-1.3.0.jar;C:\Users\Shivesh Lappie\.m2\repository\com\vaadin\vaadin-push\8.7.1\vaadin-push-8.7.1.jar;C:\Users\Shivesh Lappie\.m2\repository\com\vaadin\external\atmosphere\atmosphere-runtime\2.4.30.vaadin1\atmosphere-runtime-2.4.30.vaadin1.jar;C:\Users\Shivesh Lappie\.m2\repository\com\vaadin\external\slf4j\vaadin-slf4j-jdk14\1.6.1\vaadin-slf4j-jdk14-1.6.1.jar;C:\Users\Shivesh Lappie\.m2\repository\com\vaadin\vaadin-client-compiled\8.7.1\vaadin-client-compiled-8.7.1.jar;C:\Users\Shivesh Lappie\.m2\repository\com\vaadin\vaadin-themes\8.7.1\vaadin-themes-8.7.1.jar;"/>
    <property name="java.vm.vendor" value="Oracle Corporation"/>
    <property name="sun.arch.data.model" value="64"/>
    <property name="user.variant" value=""/>
    <property name="java.vendor.url" value="http://java.oracle.com/"/>
    <property name="user.timezone" value="Africa/Harare"/>
    <property name="java.vm.specification.version" value="11"/>
    <property name="os.name" value="Windows 10"/>
    <property name="sun.java.launcher" value="SUN_STANDARD"/>
    <property name="user.country" value="ZA"/>
    <property name="sun.boot.library.path" value="C:\Users\Shivesh Lappie\Downloads\jdk-11.0.2_windows-x64_bin\jdk-11.0.2\bin"/>
    <property name="sun.java.command" value="C:\Users\SHIVES~1\AppData\Local\Temp\surefire10555579357618448829\surefirebooter2698972058393142638.jar C:\Users\Shivesh Lappie\AppData\Local\Temp\surefire10555579357618448829 2019-05-18T15-43-43_509-jvmRun1 surefire14328629332010205177tmp surefire_012411755469126411325tmp"/>
    <property name="jdk.debug" value="release"/>
    <property name="surefire.test.class.path" value="C:\Users\Shivesh Lappie\IdeaProjects\Segfault\target\test-classes;C:\Users\Shivesh Lappie\IdeaProjects\Segfault\target\classes;C:\Users\Shivesh Lappie\.m2\repository\javax\servlet\javax.servlet-api\3.0.1\javax.servlet-api-3.0.1.jar;C:\Users\Shivesh Lappie\.m2\repository\org\postgresql\postgresql\42.2.5\postgresql-42.2.5.jar;C:\Users\Shivesh Lappie\.m2\repository\org\powermock\powermock-api-mockito\1.5.3\powermock-api-mockito-1.5.3.jar;C:\Users\Shivesh Lappie\.m2\repository\org\powermock\powermock-api-support\1.5.3\powermock-api-support-1.5.3.jar;C:\Users\Shivesh Lappie\.m2\repository\org\powermock\powermock-core\1.5.3\powermock-core-1.5.3.jar;C:\Users\Shivesh Lappie\.m2\repository\org\javassist\javassist\3.18.1-GA\javassist-3.18.1-GA.jar;C:\Users\Shivesh Lappie\.m2\repository\org\powermock\powermock-reflect\1.5.3\powermock-reflect-1.5.3.jar;C:\Users\Shivesh Lappie\.m2\repository\org\powermock\powermock-module-junit4\1.4.9\powermock-module-junit4-1.4.9.jar;C:\Users\Shivesh Lappie\.m2\repository\org\powermock\powermock-module-junit4-common\1.4.9\powermock-module-junit4-common-1.4.9.jar;C:\Users\Shivesh Lappie\.m2\repository\org\mockito\mockito-all\1.9.5\mockito-all-1.9.5.jar;C:\Users\Shivesh Lappie\.m2\repository\org\easymock\easymock\3.0\easymock-3.0.jar;C:\Users\Shivesh Lappie\.m2\repository\cglib\cglib-nodep\2.2\cglib-nodep-2.2.jar;C:\Users\Shivesh Lappie\.m2\repository\org\objenesis\objenesis\1.2\objenesis-1.2.jar;C:\Users\Shivesh Lappie\.m2\repository\mysql\mysql-connector-java\5.1.6\mysql-connector-java-5.1.6.jar;C:\Users\Shivesh Lappie\.m2\repository\org\junit\jupiter\junit-jupiter-api\5.4.0\junit-jupiter-api-5.4.0.jar;C:\Users\Shivesh Lappie\.m2\repository\org\apiguardian\apiguardian-api\1.0.0\apiguardian-api-1.0.0.jar;C:\Users\Shivesh Lappie\.m2\repository\org\opentest4j\opentest4j\1.1.1\opentest4j-1.1.1.jar;C:\Users\Shivesh Lappie\.m2\repository\org\junit\platform\junit-platform-commons\1.4.0\junit-platform-commons-1.4.0.jar;C:\Users\Shivesh Lappie\.m2\repository\com\itextpdf\itextpdf\5.5.13\itextpdf-5.5.13.jar;C:\Users\Shivesh Lappie\.m2\repository\com\itextpdf\layout\7.1.6\layout-7.1.6.jar;C:\Users\Shivesh Lappie\.m2\repository\com\itextpdf\kernel\7.1.6\kernel-7.1.6.jar;C:\Users\Shivesh Lappie\.m2\repository\com\itextpdf\io\7.1.6\io-7.1.6.jar;C:\Users\Shivesh Lappie\.m2\repository\org\slf4j\slf4j-api\1.7.13\slf4j-api-1.7.13.jar;C:\Users\Shivesh Lappie\.m2\repository\junit\junit\4.12\junit-4.12.jar;C:\Users\Shivesh Lappie\.m2\repository\org\hamcrest\hamcrest-core\1.3\hamcrest-core-1.3.jar;C:\Users\Shivesh Lappie\.m2\repository\org\junit\jupiter\junit-jupiter-engine\5.2.0-M1\junit-jupiter-engine-5.2.0-M1.jar;C:\Users\Shivesh Lappie\.m2\repository\org\junit\platform\junit-platform-engine\1.2.0-M1\junit-platform-engine-1.2.0-M1.jar;C:\Users\Shivesh Lappie\.m2\repository\com\vaadin\vaadin-login-flow\1.0.0\vaadin-login-flow-1.0.0.jar;C:\Users\Shivesh Lappie\.m2\repository\org\webjars\bowergithub\vaadin\vaadin-login\1.0.0\vaadin-login-1.0.0.jar;C:\Users\Shivesh Lappie\.m2\repository\org\webjars\bowergithub\vaadin\vaadin-lumo-styles\1.4.1\vaadin-lumo-styles-1.4.1.jar;C:\Users\Shivesh Lappie\.m2\repository\org\webjars\bowergithub\vaadin\vaadin-button\2.1.2\vaadin-button-2.1.2.jar;C:\Users\Shivesh Lappie\.m2\repository\org\webjars\bowergithub\vaadin\vaadin-control-state-mixin\2.1.2\vaadin-control-state-mixin-2.1.2.jar;C:\Users\Shivesh Lappie\.m2\repository\org\webjars\bowergithub\vaadin\vaadin-overlay\3.2.6\vaadin-overlay-3.2.6.jar;C:\Users\Shivesh Lappie\.m2\repository\org\webjars\bowergithub\vaadin\vaadin-text-field\2.3.0\vaadin-text-field-2.3.0.jar;C:\Users\Shivesh Lappie\.m2\repository\org\webjars\bowergithub\vaadin\vaadin-themable-mixin\1.4.1\vaadin-themable-mixin-1.4.1.jar;C:\Users\Shivesh Lappie\.m2\repository\org\webjars\bowergithub\vaadin\vaadin-material-styles\1.2.0\vaadin-material-styles-1.2.0.jar;C:\Users\Shivesh Lappie\.m2\repository\org\webjars\bowergithub\polymerelements\iron-icon\2.1.0\iron-icon-2.1.0.jar;C:\Users\Shivesh Lappie\.m2\repository\org\webjars\bowergithub\polymerelements\iron-iconset-svg\2.2.1\iron-iconset-svg-2.2.1.jar;C:\Users\Shivesh Lappie\.m2\repository\org\webjars\bowergithub\polymerelements\iron-flex-layout\2.0.3\iron-flex-layout-2.0.3.jar;C:\Users\Shivesh Lappie\.m2\repository\org\webjars\bowergithub\polymerelements\iron-meta\2.1.1\iron-meta-2.1.1.jar;C:\Users\Shivesh Lappie\.m2\repository\org\webjars\bowergithub\polymer\polymer\2.6.1\polymer-2.6.1.jar;C:\Users\Shivesh Lappie\.m2\repository\org\webjars\bowergithub\webcomponents\webcomponentsjs\1.2.6\webcomponentsjs-1.2.6.jar;C:\Users\Shivesh Lappie\.m2\repository\org\webjars\bowergithub\webcomponents\shadycss\1.5.0-1\shadycss-1.5.0-1.jar;C:\Users\Shivesh Lappie\.m2\repository\org\webjars\bowergithub\vaadin\vaadin-element-mixin\2.1.2\vaadin-element-mixin-2.1.2.jar;C:\Users\Shivesh Lappie\.m2\repository\org\webjars\bowergithub\vaadin\vaadin-usage-statistics\2.0.2\vaadin-usage-statistics-2.0.2.jar;C:\Users\Shivesh Lappie\.m2\repository\org\webjars\bowergithub\vaadin\vaadin-development-mode-detector\2.0.0\vaadin-development-mode-detector-2.0.0.jar;C:\Users\Shivesh Lappie\.m2\repository\com\vaadin\vaadin-select-flow\1.0.0\vaadin-select-flow-1.0.0.jar;C:\Users\Shivesh Lappie\.m2\repository\org\webjars\bowergithub\vaadin\vaadin-select\2.0.2\vaadin-select-2.0.2.jar;C:\Users\Shivesh Lappie\.m2\repository\org\webjars\bowergithub\vaadin\vaadin-item\2.1.0\vaadin-item-2.1.0.jar;C:\Users\Shivesh Lappie\.m2\repository\org\webjars\bowergithub\vaadin\vaadin-list-box\1.1.0\vaadin-list-box-1.1.0.jar;C:\Users\Shivesh Lappie\.m2\repository\org\webjars\bowergithub\vaadin\vaadin-list-mixin\2.1.2\vaadin-list-mixin-2.1.2.jar;C:\Users\Shivesh Lappie\.m2\repository\org\webjars\bowergithub\polymerelements\iron-resizable-behavior\2.1.1\iron-resizable-behavior-2.1.1.jar;C:\Users\Shivesh Lappie\.m2\repository\org\webjars\bowergithub\polymerelements\iron-media-query\2.1.0\iron-media-query-2.1.0.jar;C:\Users\Shivesh Lappie\.m2\repository\org\vaadin\ui\numberfield\0.2.0\numberfield-0.2.0.jar;C:\Users\Shivesh Lappie\.m2\repository\postgresql\postgresql\9.1-901-1.jdbc4\postgresql-9.1-901-1.jdbc4.jar;C:\Users\Shivesh Lappie\.m2\repository\com\vaadin\vaadin-shared\8.7.1\vaadin-shared-8.7.1.jar;C:\Users\Shivesh Lappie\.m2\repository\com\vaadin\vaadin-radio-button-flow\1.3.1\vaadin-radio-button-flow-1.3.1.jar;C:\Users\Shivesh Lappie\.m2\repository\org\webjars\bowergithub\vaadin\vaadin-radio-button\1.1.4\vaadin-radio-button-1.1.4.jar;C:\Users\Shivesh Lappie\.m2\repository\com\vaadin\vaadin-server\8.7.1\vaadin-server-8.7.1.jar;C:\Users\Shivesh Lappie\.m2\repository\com\vaadin\vaadin-sass-compiler\0.9.13\vaadin-sass-compiler-0.9.13.jar;C:\Users\Shivesh Lappie\.m2\repository\org\w3c\css\sac\1.3\sac-1.3.jar;C:\Users\Shivesh Lappie\.m2\repository\com\vaadin\external\flute\flute\1.3.0.gg2\flute-1.3.0.gg2.jar;C:\Users\Shivesh Lappie\.m2\repository\org\jsoup\jsoup\1.11.2\jsoup-1.11.2.jar;C:\Users\Shivesh Lappie\.m2\repository\com\vaadin\external\gentyref\1.2.0.vaadin1\gentyref-1.2.0.vaadin1.jar;C:\Users\Shivesh Lappie\.m2\repository\com\vaadin\vaadin-client\8.7.1\vaadin-client-8.7.1.jar;C:\Users\Shivesh Lappie\.m2\repository\com\google\gwt\gwt-elemental\2.8.2\gwt-elemental-2.8.2.jar;C:\Users\Shivesh Lappie\.m2\repository\com\google\gwt\gwt-user\2.8.2\gwt-user-2.8.2.jar;C:\Users\Shivesh Lappie\.m2\repository\com\google\jsinterop\jsinterop-annotations\1.0.2\jsinterop-annotations-1.0.2.jar;C:\Users\Shivesh Lappie\.m2\repository\com\google\jsinterop\jsinterop-annotations\1.0.2\jsinterop-annotations-1.0.2-sources.jar;C:\Users\Shivesh Lappie\.m2\repository\javax\validation\validation-api\1.0.0.GA\validation-api-1.0.0.GA.jar;C:\Users\Shivesh Lappie\.m2\repository\javax\validation\validation-api\1.0.0.GA\validation-api-1.0.0.GA-sources.jar;C:\Users\Shivesh Lappie\.m2\repository\com\vaadin\vaadin-text-field-flow\1.3.0\vaadin-text-field-flow-1.3.0.jar;C:\Users\Shivesh Lappie\.m2\repository\com\vaadin\vaadin-push\8.7.1\vaadin-push-8.7.1.jar;C:\Users\Shivesh Lappie\.m2\repository\com\vaadin\external\atmosphere\atmosphere-runtime\2.4.30.vaadin1\atmosphere-runtime-2.4.30.vaadin1.jar;C:\Users\Shivesh Lappie\.m2\repository\com\vaadin\external\slf4j\vaadin-slf4j-jdk14\1.6.1\vaadin-slf4j-jdk14-1.6.1.jar;C:\Users\Shivesh Lappie\.m2\repository\com\vaadin\vaadin-client-compiled\8.7.1\vaadin-client-compiled-8.7.1.jar;C:\Users\Shivesh Lappie\.m2\repository\com\vaadin\vaadin-themes\8.7.1\vaadin-themes-8.7.1.jar;"/>
    <property name="sun.cpu.endian" value="little"/>
    <property name="user.home" value="C:\Users\Shivesh Lappie"/>
    <property name="user.language" value="en"/>
    <property name="java.specification.vendor" value="Oracle Corporation"/>
    <property name="java.version.date" value="2019-01-15"/>
    <property name="java.home" value="C:\Users\Shivesh Lappie\Downloads\jdk-11.0.2_windows-x64_bin\jdk-11.0.2"/>
    <property name="file.separator" value="\"/>
    <property name="basedir" value="C:\Users\Shivesh Lappie\IdeaProjects\Segfault"/>
    <property name="java.vm.compressedOopsMode" value="32-bit"/>
    <property name="line.separator" value="&#10;"/>
    <property name="java.specification.name" value="Java Platform API Specification"/>
    <property name="java.vm.specification.vendor" value="Oracle Corporation"/>
    <property name="java.awt.graphicsenv" value="sun.awt.Win32GraphicsEnvironment"/>
    <property name="surefire.real.class.path" value="C:\Users\SHIVES~1\AppData\Local\Temp\surefire10555579357618448829\surefirebooter2698972058393142638.jar"/>
    <property name="user.script" value=""/>
    <property name="sun.management.compiler" value="HotSpot 64-Bit Tiered Compilers"/>
    <property name="java.runtime.version" value="11.0.2+9-LTS"/>
    <property name="user.name" value="Shivesh Lappie"/>
    <property name="path.separator" value=";"/>
    <property name="os.version" value="10.0"/>
    <property name="java.runtime.name" value="Java(TM) SE Runtime Environment"/>
    <property name="file.encoding" value="Cp1252"/>
    <property name="java.vm.name" value="Java HotSpot(TM) 64-Bit Server VM"/>
    <property name="java.vendor.version" value="18.9"/>
    <property name="localRepository" value="C:\Users\Shivesh Lappie\.m2\repository"/>
    <property name="java.vendor.url.bug" value="http://bugreport.java.com/bugreport/"/>
    <property name="java.io.tmpdir" value="C:\Users\SHIVES~1\AppData\Local\Temp\"/>
    <property name="idea.version" value="2018.3.6"/>
    <property name="java.version" value="11.0.2"/>
    <property name="user.dir" value="C:\Users\Shivesh Lappie\IdeaProjects\Segfault"/>
    <property name="os.arch" value="amd64"/>
    <property name="java.vm.specification.name" value="Java Virtual Machine Specification"/>
    <property name="java.awt.printerjob" value="sun.awt.windows.WPrinterJob"/>
    <property name="sun.os.patch.level" value=""/>
    <property name="java.library.path" value="C:\Users\Shivesh Lappie\Downloads\jdk-11.0.2_windows-x64_bin\jdk-11.0.2\bin;C:\WINDOWS\Sun\Java\bin;C:\WINDOWS\system32;C:\WINDOWS;C:\Program Files\Microsoft MPI\Bin\;C:\Python27\;C:\Python27\Scripts;C:\ProgramData\Oracle\Java\javapath;C:\Program Files (x86)\Intel\iCLS Client\;C:\Program Files\Intel\iCLS Client\;C:\Windows\system32;C:\Windows;C:\Windows\System32\Wbem;C:\Windows\System32\WindowsPowerShell\v1.0\;C:\Program Files (x86)\Intel\Intel(R) Management Engine Components\DAL;C:\Program Files\Intel\Intel(R) Management Engine Components\DAL;C:\Program Files (x86)\Intel\Intel(R) Management Engine Components\IPT;C:\Program Files\Intel\Intel(R) Management Engine Components\IPT;C:\Program Files (x86)\NVIDIA Corporation\PhysX\Common;C:\Program Files\MATLAB\R2016a\runtime\win64;C:\Program Files\MATLAB\R2016a\bin;C:\Program Files\MATLAB\R2016a\polyspace\bin;C:\WINDOWS\system32\config\systemprofile\.dnx\bin;C:\Program Files\Microsoft DNX\Dnvm\;C:\Program Files\Microsoft SQL Server\130\Tools\Binn\;C:\Program Files (x86)\Microchip\xc8\v1.42\bin;C:\WINDOWS\system32;C:\WINDOWS;C:\WINDOWS\System32\Wbem;C:\WINDOWS\System32\WindowsPowerShell\v1.0\;C:\Program Files\dotnet\;C:\WINDOWS\System32\OpenSSH\;C:\Program Files\nodejs\;C:\ProgramData\chocolatey\bin;C:\Program Files\Java\jdk1.8.0_181\bin;C:\Program Files\Git\cmd;C:\Program Files\Microsoft VS Code\bin;C:\Program Files\Microsoft SQL Server\Client SDK\ODBC\170\Tools\Binn\;C:\Program Files\Zulu\zulu-11\bin\;C:\RailsInstaller\Git\cmd;C:\RailsInstaller\Ruby2.3.3\bin;C:\Users\Shivesh Lappie\AppData\Local\Microsoft\WindowsApps;C:\Users\Shivesh Lappie\AppData\Roaming\npm;C:\Users\Shivesh Lappie\.dotnet\tools;%USERPROFILE%\AppData\Local\Microsoft\WindowsApps;C:\Users\Shivesh Lappie\AppData\Local\Programs\MiKTeX 2.9\miktex\bin\x64\;."/>
    <property name="java.vendor" value="Oracle Corporation"/>
    <property name="java.vm.info" value="mixed mode"/>
    <property name="java.vm.version" value="11.0.2+9-LTS"/>
    <property name="sun.io.unicode.encoding" value="UnicodeLittle"/>
    <property name="java.class.version" value="55.0"/>
  </properties>
  <testcase name="updateQuestionItem" classname="com.Server.QuestionServerTest" time="0.04"/>
  <testcase name="postToQuestionTable" classname="com.Server.QuestionServerTest" time="0.049"/>
  <testcase name="getQuestionItemById" classname="com.Server.QuestionServerTest" time="0.02"/>
  <testcase name="getQuestionItems" classname="com.Server.QuestionServerTest" time="0.027"/>
</testsuite>